2024-12-10 00:05:36,268 [INFO] Activator:177 - 


2024-12-10 00:05:36,269 [INFO] Activator:178 - !SESSION log4j initialized
2024-12-10 00:05:38,640 [ERROR] LogOutputStream:74 - [STDERR_REDIRECT] 
2024-12-10 00:05:46,194 [INFO] McuFinderGlobals:44 - Set McuFinder mode to 2 (CubeIDE integrated)
2024-12-10 00:05:46,312 [INFO] ApplicationProperties:181 - Using Application install path: /Applications/STM32CubeIDE.app/Contents/Eclipse/plugins/com.st.stm32cube.common.mx_6.6.1.202207061420
2024-12-10 00:05:46,324 [INFO] DbMcusXml:77 - Set database path to: /Applications/STM32CubeIDE.app/Contents/Eclipse/plugins/com.st.stm32cube.common.mx_6.6.1.202207061420//db//mcu/
2024-12-10 00:05:46,324 [INFO] ApiDb:269 - Set plugin database path to: /Applications/STM32CubeIDE.app/Contents/Eclipse/plugins/com.st.stm32cube.common.mx_6.6.1.202207061420//db//plugins/boardmanager/
2024-12-10 00:05:46,327 [WARN] ApiDb:254 - Overriding images path with different value:  => /Applications/STM32CubeIDE.app/Contents/Eclipse/plugins/com.st.stm32cube.common.mx_6.6.1.202207061420//db//plugins/mcufinder/images/
2024-12-10 00:05:46,347 [INFO] ApiDb:249 - Set database path to: /Users/duane/.stmcufinder/plugins/mcufinder//mcu/
2024-12-10 00:05:46,348 [INFO] DbMcusAds:124 - Set database path to: /Users/duane/.stmcufinder/plugins/mcufinder//mcu/
2024-12-10 00:05:46,350 [INFO] CrossReferenceDbSqlite:201 - Set database path to: /Users/duane/.stmcufinder/plugins/mcufinder//mcu/cs/
2024-12-10 00:05:46,464 [INFO] RulesReader:61 - Compatibility file has been processed (282 Rules)
2024-12-10 00:05:46,547 [INFO] DbMcusXml:77 - Set database path to: /Applications/STM32CubeIDE.app/Contents/Eclipse/plugins/com.st.stm32cube.common.mx_6.6.1.202207061420//db//mcu/
2024-12-10 00:05:46,547 [INFO] ApiDb:269 - Set plugin database path to: /Applications/STM32CubeIDE.app/Contents/Eclipse/plugins/com.st.stm32cube.common.mx_6.6.1.202207061420//db//plugins/boardmanager/
2024-12-10 00:05:46,547 [INFO] ApiDb:256 - Set plugin images path to: /Applications/STM32CubeIDE.app/Contents/Eclipse/plugins/com.st.stm32cube.common.mx_6.6.1.202207061420//db//plugins/mcufinder/images/
2024-12-10 00:05:46,548 [WARN] DbFile:40 - Overriding database path with different value: /Users/duane/.stmcufinder/plugins/mcufinder/ => /Users/duane/.stmcufinder/plugins/mcufinder
2024-12-10 00:05:46,548 [INFO] ApiDb:249 - Set database path to: /Users/duane/.stmcufinder/plugins/mcufinder//mcu/
2024-12-10 00:05:46,548 [WARN] DbFile:40 - Overriding database path with different value: /Users/duane/.stmcufinder/plugins/mcufinder/ => /Users/duane/.stmcufinder/plugins/mcufinder
2024-12-10 00:05:46,548 [INFO] DbMcusAds:124 - Set database path to: /Users/duane/.stmcufinder/plugins/mcufinder//mcu/
2024-12-10 00:05:46,549 [WARN] DbFile:40 - Overriding database path with different value: /Users/duane/.stmcufinder/plugins/mcufinder/ => /Users/duane/.stmcufinder/plugins/mcufinder
2024-12-10 00:05:46,549 [WARN] DbFile:40 - Overriding database path with different value: /Users/duane/.stmcufinder/plugins/mcufinder/ => /Users/duane/.stmcufinder/plugins/mcufinder
2024-12-10 00:05:46,549 [INFO] CrossReferenceDbSqlite:201 - Set database path to: /Users/duane/.stmcufinder/plugins/mcufinder//mcu/cs/
2024-12-10 00:05:46,633 [INFO] MainPanel:242 - HeapMemory: 373293056
2024-12-10 00:05:46,723 [INFO] DbMcusXml:77 - Set database path to: /Applications/STM32CubeIDE.app/Contents/Eclipse/plugins/com.st.stm32cube.common.mx_6.6.1.202207061420//db//mcu/
2024-12-10 00:05:46,724 [INFO] ApiDb:269 - Set plugin database path to: /Applications/STM32CubeIDE.app/Contents/Eclipse/plugins/com.st.stm32cube.common.mx_6.6.1.202207061420//db//plugins/boardmanager/
2024-12-10 00:05:46,724 [INFO] ApiDb:256 - Set plugin images path to: /Applications/STM32CubeIDE.app/Contents/Eclipse/plugins/com.st.stm32cube.common.mx_6.6.1.202207061420//db//plugins/mcufinder/images/
2024-12-10 00:05:46,724 [WARN] DbFile:40 - Overriding database path with different value: /Users/duane/.stmcufinder/plugins/mcufinder/ => /Users/duane/.stmcufinder/plugins/mcufinder
2024-12-10 00:05:46,724 [INFO] ApiDb:249 - Set database path to: /Users/duane/.stmcufinder/plugins/mcufinder//mcu/
2024-12-10 00:05:46,725 [WARN] DbFile:40 - Overriding database path with different value: /Users/duane/.stmcufinder/plugins/mcufinder/ => /Users/duane/.stmcufinder/plugins/mcufinder
2024-12-10 00:05:46,725 [INFO] DbMcusAds:124 - Set database path to: /Users/duane/.stmcufinder/plugins/mcufinder//mcu/
2024-12-10 00:05:46,725 [WARN] DbFile:40 - Overriding database path with different value: /Users/duane/.stmcufinder/plugins/mcufinder/ => /Users/duane/.stmcufinder/plugins/mcufinder
2024-12-10 00:05:46,725 [WARN] DbFile:40 - Overriding database path with different value: /Users/duane/.stmcufinder/plugins/mcufinder/ => /Users/duane/.stmcufinder/plugins/mcufinder
2024-12-10 00:05:46,726 [INFO] CrossReferenceDbSqlite:201 - Set database path to: /Users/duane/.stmcufinder/plugins/mcufinder//mcu/cs/
2024-12-10 00:05:46,755 [INFO] ApplicationProperties:181 - Using Application install path: /Applications/STM32CubeIDE.app/Contents/Eclipse/plugins/com.st.stm32cube.common.mx_6.6.1.202207061420
2024-12-10 00:05:46,756 [INFO] PluginManage:193 - Search for loadable plugins [exclusion list=, ]
2024-12-10 00:05:46,757 [INFO] PluginManage:307 - Check plugin analytics
2024-12-10 00:05:46,931 [INFO] AnalyticsPlugin:262 - Accepted Software Licenses: 
2024-12-10 00:05:46,937 [INFO] AnalyticsPlugin:264 - Accepted CMSIS Pack Licenses: 
2024-12-10 00:05:46,938 [INFO] AnalyticsPlugin:266 - Accepted Firmware Licenses: 
2024-12-10 00:05:46,960 [INFO] PluginManage:356 - Loaded plugin analytics (category:tool,tabindex:-1)
2024-12-10 00:05:46,963 [INFO] PluginManage:307 - Check plugin cadmodel
2024-12-10 00:05:46,974 [INFO] CADModel:65 - Init CAD model plugin
2024-12-10 00:05:46,975 [INFO] PluginManage:356 - Loaded plugin cadmodel (category:power,tabindex:5)
2024-12-10 00:05:46,975 [INFO] PluginManage:307 - Check plugin clock
2024-12-10 00:05:46,985 [INFO] PluginManage:356 - Loaded plugin clock (category:base,tabindex:2)
2024-12-10 00:05:46,985 [INFO] PluginManage:307 - Check plugin ddr
2024-12-10 00:05:46,986 [INFO] PluginManage:356 - Loaded plugin ddr (category:tool,tabindex:6)
2024-12-10 00:05:46,986 [INFO] PluginManage:307 - Check plugin filemanager
2024-12-10 00:05:47,132 [INFO] PluginManage:356 - Loaded plugin filemanager (category:base,tabindex:10)
2024-12-10 00:05:47,132 [INFO] PluginManage:307 - Check plugin ipmanager
2024-12-10 00:05:47,141 [INFO] PluginManage:356 - Loaded plugin ipmanager (category:base,tabindex:5)
2024-12-10 00:05:47,141 [INFO] PluginManage:307 - Check plugin lpbam
2024-12-10 00:05:47,148 [INFO] PluginManage:356 - Loaded plugin lpbam (category:base,tabindex:0)
2024-12-10 00:05:47,148 [INFO] PluginManage:307 - Check plugin pinoutandconfiguration
2024-12-10 00:05:47,154 [INFO] PluginManage:356 - Loaded plugin pinoutandconfiguration (category:base,tabindex:1)
2024-12-10 00:05:47,154 [INFO] PluginManage:307 - Check plugin pinoutconfig
2024-12-10 00:05:47,191 [INFO] PluginManage:356 - Loaded plugin pinoutconfig (category:base,tabindex:0)
2024-12-10 00:05:47,194 [INFO] PluginManage:307 - Check plugin power
2024-12-10 00:05:47,203 [INFO] PluginManage:356 - Loaded plugin power (category:power,tabindex:4)
2024-12-10 00:05:47,203 [INFO] PluginManage:307 - Check plugin projectmanager
2024-12-10 00:05:47,220 [INFO] PluginManage:356 - Loaded plugin projectmanager (category:projectmanager,tabindex:3)
2024-12-10 00:05:47,220 [INFO] PluginManage:307 - Check plugin thirdparty
2024-12-10 00:05:47,368 [WARN] IntegrityCheckThread:82 - waiting for thirdparty lock release [integrity check]
2024-12-10 00:05:47,370 [INFO] PluginManage:356 - Loaded plugin thirdparty (category:base,tabindex:-1)
2024-12-10 00:05:47,370 [INFO] IntegrityCheckThread:84 - entering critical section [integrity check]
2024-12-10 00:05:47,370 [INFO] PluginManage:307 - Check plugin tools
2024-12-10 00:05:47,373 [INFO] ThirdPartyUpdaterWithRetryManager:70 - Updater plugin not ready yet. [1/15]
2024-12-10 00:05:47,375 [INFO] PluginManage:356 - Loaded plugin tools (category:base,tabindex:7)
2024-12-10 00:05:47,375 [INFO] PluginManage:307 - Check plugin tutovideos
2024-12-10 00:05:47,541 [INFO] PluginManage:356 - Loaded plugin tutovideos (category:base,tabindex:-1)
2024-12-10 00:05:47,542 [INFO] PluginManage:307 - Check plugin updater
2024-12-10 00:05:47,560 [INFO] PluginManage:356 - Loaded plugin updater (category:base,tabindex:12)
2024-12-10 00:05:47,563 [INFO] PluginManage:280 - PluginManage : Loaded plugins [15]
2024-12-10 00:05:48,181 [INFO] PinOutPanel:1468 - setPackage(No Configuration,No Configuration)
2024-12-10 00:05:48,239 [INFO] CADModel:98 - CPN selected for project level
2024-12-10 00:05:48,251 [INFO] IPUIPlugin:79 - create IPUIPlugin
2024-12-10 00:05:48,251 [INFO] PluginManager:217 - loadIPPluginJar : add mdma
2024-12-10 00:05:48,256 [INFO] IPUIPlugin:79 - create IPUIPlugin
2024-12-10 00:05:48,256 [INFO] PluginManager:217 - loadIPPluginJar : add freertos
2024-12-10 00:05:48,259 [INFO] IPUIPlugin:79 - create IPUIPlugin
2024-12-10 00:05:48,259 [INFO] PluginManager:217 - loadIPPluginJar : add gic
2024-12-10 00:05:48,264 [INFO] IPUIPlugin:79 - create IPUIPlugin
2024-12-10 00:05:48,264 [INFO] PluginManager:217 - loadIPPluginJar : add adc
2024-12-10 00:05:48,265 [INFO] IPUIPlugin:79 - create IPUIPlugin
2024-12-10 00:05:48,265 [INFO] PluginManager:217 - loadIPPluginJar : add gtzc
2024-12-10 00:05:48,267 [INFO] IPUIPlugin:79 - create IPUIPlugin
2024-12-10 00:05:48,267 [INFO] PluginManager:217 - loadIPPluginJar : add quadspi
2024-12-10 00:05:48,269 [INFO] IPUIPlugin:79 - create IPUIPlugin
2024-12-10 00:05:48,270 [INFO] PluginManager:217 - loadIPPluginJar : add aes
2024-12-10 00:05:48,272 [INFO] IPUIPlugin:79 - create IPUIPlugin
2024-12-10 00:05:48,272 [INFO] PluginManager:217 - loadIPPluginJar : add pdm2pcm
2024-12-10 00:05:48,274 [INFO] IPUIPlugin:79 - create IPUIPlugin
2024-12-10 00:05:48,274 [INFO] PluginManager:217 - loadIPPluginJar : add hash
2024-12-10 00:05:48,274 [INFO] IPUIPlugin:79 - create IPUIPlugin
2024-12-10 00:05:48,275 [INFO] PluginManager:217 - loadIPPluginJar : add tim
2024-12-10 00:05:48,276 [INFO] IPUIPlugin:79 - create IPUIPlugin
2024-12-10 00:05:48,276 [INFO] PluginManager:217 - loadIPPluginJar : add tsc
2024-12-10 00:05:48,277 [INFO] IPUIPlugin:79 - create IPUIPlugin
2024-12-10 00:05:48,277 [INFO] PluginManager:217 - loadIPPluginJar : add ts
2024-12-10 00:05:48,279 [INFO] IPUIPlugin:79 - create IPUIPlugin
2024-12-10 00:05:48,279 [INFO] PluginManager:217 - loadIPPluginJar : add can
2024-12-10 00:05:48,280 [INFO] IPUIPlugin:79 - create IPUIPlugin
2024-12-10 00:05:48,280 [INFO] PluginManager:217 - loadIPPluginJar : add dma3
2024-12-10 00:05:48,282 [INFO] IPUIPlugin:79 - create IPUIPlugin
2024-12-10 00:05:48,282 [INFO] PluginManager:217 - loadIPPluginJar : add dfsdm
2024-12-10 00:05:48,283 [INFO] IPUIPlugin:79 - create IPUIPlugin
2024-12-10 00:05:48,283 [INFO] PluginManager:217 - loadIPPluginJar : add spi
2024-12-10 00:05:48,284 [INFO] IPUIPlugin:79 - create IPUIPlugin
2024-12-10 00:05:48,284 [INFO] PluginManager:217 - loadIPPluginJar : add gfxmmu
2024-12-10 00:05:48,285 [INFO] IPUIPlugin:79 - create IPUIPlugin
2024-12-10 00:05:48,285 [INFO] PluginManager:217 - loadIPPluginJar : add genericplugin
2024-12-10 00:05:48,286 [INFO] IPUIPlugin:79 - create IPUIPlugin
2024-12-10 00:05:48,286 [INFO] PluginManager:217 - loadIPPluginJar : add cryp
2024-12-10 00:05:48,288 [INFO] IPUIPlugin:79 - create IPUIPlugin
2024-12-10 00:05:48,288 [INFO] PluginManager:217 - loadIPPluginJar : add gpio
2024-12-10 00:05:48,294 [INFO] IPUIPlugin:79 - create IPUIPlugin
2024-12-10 00:05:48,295 [INFO] PluginManager:217 - loadIPPluginJar : add comp
2024-12-10 00:05:48,296 [INFO] IPUIPlugin:79 - create IPUIPlugin
2024-12-10 00:05:48,297 [INFO] PluginManager:217 - loadIPPluginJar : add tracer_emb
2024-12-10 00:05:48,298 [INFO] IPUIPlugin:79 - create IPUIPlugin
2024-12-10 00:05:48,298 [INFO] PluginManager:217 - loadIPPluginJar : add openamp
2024-12-10 00:05:48,301 [INFO] IPUIPlugin:79 - create IPUIPlugin
2024-12-10 00:05:48,301 [INFO] PluginManager:217 - loadIPPluginJar : add stm32_wpan
2024-12-10 00:05:48,305 [INFO] IPUIPlugin:79 - create IPUIPlugin
2024-12-10 00:05:48,309 [INFO] PluginManager:217 - loadIPPluginJar : add plateformsettings
2024-12-10 00:05:48,312 [INFO] IPUIPlugin:79 - create IPUIPlugin
2024-12-10 00:05:48,312 [INFO] PluginManager:217 - loadIPPluginJar : add ipddr
2024-12-10 00:05:48,314 [INFO] IPUIPlugin:79 - create IPUIPlugin
2024-12-10 00:05:48,314 [INFO] PluginManager:217 - loadIPPluginJar : add usart
2024-12-10 00:05:48,315 [INFO] IPUIPlugin:79 - create IPUIPlugin
2024-12-10 00:05:48,315 [INFO] PluginManager:217 - loadIPPluginJar : add ltdc
2024-12-10 00:05:48,317 [INFO] IPUIPlugin:79 - create IPUIPlugin
2024-12-10 00:05:48,317 [INFO] PluginManager:217 - loadIPPluginJar : add nvic
2024-12-10 00:05:48,318 [INFO] IPUIPlugin:79 - create IPUIPlugin
2024-12-10 00:05:48,319 [INFO] PluginManager:217 - loadIPPluginJar : add fatfs
2024-12-10 00:05:48,322 [INFO] IPUIPlugin:79 - create IPUIPlugin
2024-12-10 00:05:48,323 [INFO] PluginManager:217 - loadIPPluginJar : add linkedlist
2024-12-10 00:05:48,326 [INFO] IPUIPlugin:79 - create IPUIPlugin
2024-12-10 00:05:48,326 [INFO] PluginManager:217 - loadIPPluginJar : add dma
2024-12-10 00:05:48,328 [INFO] IPUIPlugin:79 - create IPUIPlugin
2024-12-10 00:05:48,328 [INFO] PluginManager:217 - loadIPPluginJar : add fmc
2024-12-10 00:05:48,330 [INFO] IPUIPlugin:79 - create IPUIPlugin
2024-12-10 00:05:48,330 [INFO] PluginManager:217 - loadIPPluginJar : add i2s
2024-12-10 00:05:48,331 [INFO] IPUIPlugin:79 - create IPUIPlugin
2024-12-10 00:05:48,331 [INFO] PluginManager:217 - loadIPPluginJar : add ucpd
2024-12-10 00:05:48,332 [INFO] IPUIPlugin:79 - create IPUIPlugin
2024-12-10 00:05:48,333 [INFO] PluginManager:217 - loadIPPluginJar : add lorawan
2024-12-10 00:05:48,334 [INFO] IPUIPlugin:79 - create IPUIPlugin
2024-12-10 00:05:48,334 [INFO] PluginManager:217 - loadIPPluginJar : add opamp
2024-12-10 00:05:48,336 [INFO] IPUIPlugin:79 - create IPUIPlugin
2024-12-10 00:05:48,336 [INFO] PluginManager:217 - loadIPPluginJar : add touchsensing
2024-12-10 00:05:48,338 [INFO] IPUIPlugin:79 - create IPUIPlugin
2024-12-10 00:05:48,338 [INFO] PluginManager:217 - loadIPPluginJar : add i2c
2024-12-10 00:05:48,340 [INFO] IPUIPlugin:79 - create IPUIPlugin
2024-12-10 00:05:48,340 [INFO] PluginManager:217 - loadIPPluginJar : add resmgrutility
2024-12-10 00:05:48,342 [INFO] IPUIPlugin:79 - create IPUIPlugin
2024-12-10 00:05:48,342 [INFO] PluginManager:217 - loadIPPluginJar : add sai
2024-12-10 00:05:48,344 [INFO] IPUIPlugin:79 - create IPUIPlugin
2024-12-10 00:05:48,345 [INFO] PluginManager:217 - loadIPPluginJar : add usbx
2024-12-10 00:05:48,722 [FATAL] Updater:301 - Updater called before beeing initialized
2024-12-10 00:05:49,120 [FATAL] Updater:301 - Updater called before beeing initialized
2024-12-10 00:05:49,151 [INFO] DbMcusAds:52 - JSON generation date=Thu Sep 30 08:55:09 CEST 2021 (1632984909377)
2024-12-10 00:05:49,153 [FATAL] Updater:301 - Updater called before beeing initialized
2024-12-10 00:05:49,584 [WARN] DetailPanel:344 - Failed to get advertising image, set to default
2024-12-10 00:05:49,669 [FATAL] Updater:301 - Updater called before beeing initialized
2024-12-10 00:05:49,671 [FATAL] Updater:301 - Updater called before beeing initialized
2024-12-10 00:05:49,671 [FATAL] Updater:301 - Updater called before beeing initialized
2024-12-10 00:05:49,672 [WARN] DetailPanel:344 - Failed to get advertising image, set to default
2024-12-10 00:05:49,674 [FATAL] Updater:301 - Updater called before beeing initialized
2024-12-10 00:05:49,744 [ERROR] Updater:1105 - MainUpdater not yet initialized. External WinMGr cannot be set.
2024-12-10 00:05:49,809 [INFO] Updater:1041 - Updater Version found : 6.6.1
2024-12-10 00:05:49,823 [INFO] ApplicationProperties:181 - Using Application install path: /Applications/STM32CubeIDE.app/Contents/Eclipse/plugins/com.st.stm32cube.common.mx_6.6.1.202207061420
2024-12-10 00:05:50,379 [INFO] ThirdPartyUpdaterWithRetryManager:70 - Updater plugin not ready yet. [2/15]
2024-12-10 00:05:50,411 [INFO] MainUpdater:2768 - connection check result : 10
2024-12-10 00:05:50,412 [INFO] MainUpdater:3453 - Updater definition file requires update
2024-12-10 00:05:50,413 [INFO] MainUpdater:280 - Updater Check For Update Now.
2024-12-10 00:05:50,415 [INFO] MicroXplorer:481 - Change Database Version : DB.6.0.60
2024-12-10 00:05:50,527 [INFO] ServerAccessManage:474 - Download File updaters.zip
2024-12-10 00:05:50,690 [INFO] FileExtend:239 - Unzip File : updaters.zip
2024-12-10 00:05:50,692 [INFO] FileExtend:254 - Standard Zip Deflate
2024-12-10 00:05:50,940 [INFO] ServerAccessManage:474 - Download File PacksControlFlags.xml
2024-12-10 00:05:51,037 [INFO] ServerAccessManage:474 - Download File cubemx.pidx
2024-12-10 00:05:51,454 [INFO] ServerAccessManage:474 - Download File STMicroelectronics.FP-ATR-ASTRA1.pdsc
2024-12-10 00:05:51,912 [INFO] ServerAccessManage:474 - Download File STMicroelectronics.FP-SNS-STBOX1.pdsc
2024-12-10 00:05:52,059 [INFO] ServerAccessManage:474 - Download File STMicroelectronics.FP-SNS-FLIGHT1.pdsc
2024-12-10 00:05:52,323 [INFO] ServerAccessManage:474 - Download File STMicroelectronics.FP-SNS-MOTENV1.pdsc
2024-12-10 00:05:52,720 [INFO] ServerAccessManage:474 - Download File STMicroelectronics.FP-SNS-MOTENVWB1.pdsc
2024-12-10 00:05:52,990 [INFO] ServerAccessManage:474 - Download File STMicroelectronics.FP-SNS-SMARTAG2.pdsc
2024-12-10 00:05:53,294 [INFO] ServerAccessManage:474 - Download File STMicroelectronics.X-CUBE-AI.pdsc
2024-12-10 00:05:53,404 [WARN] MainUpdater:1184 - Updater busy. Cannot search thirdparties
2024-12-10 00:05:53,407 [INFO] ThirdPartyUpdaterWithRetryManager:96 - Updater plugin is busy. [1/15]
2024-12-10 00:05:54,827 [INFO] ServerAccessManage:474 - Download File STMicroelectronics.X-CUBE-ALS.pdsc
2024-12-10 00:05:55,186 [INFO] ServerAccessManage:474 - Download File STMicroelectronics.X-CUBE-BLE1.pdsc
2024-12-10 00:05:56,413 [WARN] MainUpdater:1184 - Updater busy. Cannot search thirdparties
2024-12-10 00:05:56,415 [INFO] ThirdPartyUpdaterWithRetryManager:96 - Updater plugin is busy. [2/15]
2024-12-10 00:05:56,447 [ERROR] ServerAccessManage:1090 - Problem, file not found on Server
2024-12-10 00:05:56,679 [INFO] ServerAccessManage:474 - Download File STMicroelectronics.X-CUBE-BLEMGR.pdsc
2024-12-10 00:05:57,019 [ERROR] ServerAccessManage:1090 - Problem, file not found on Server
2024-12-10 00:05:57,816 [INFO] ServerAccessManage:474 - Download File STMicroelectronics.X-CUBE-DISPLAY.pdsc
2024-12-10 00:05:58,367 [INFO] ServerAccessManage:474 - Download File STMicroelectronics.X-CUBE-DPOWER.pdsc
2024-12-10 00:05:58,710 [ERROR] ServerAccessManage:1090 - Problem, file not found on Server
2024-12-10 00:05:59,028 [ERROR] ServerAccessManage:1090 - Problem, file not found on Server
2024-12-10 00:05:59,247 [ERROR] ServerAccessManage:1090 - Problem, file not found on Server
2024-12-10 00:05:59,417 [WARN] MainUpdater:1184 - Updater busy. Cannot search thirdparties
2024-12-10 00:05:59,420 [INFO] ThirdPartyUpdaterWithRetryManager:96 - Updater plugin is busy. [3/15]
2024-12-10 00:05:59,449 [ERROR] ServerAccessManage:1090 - Problem, file not found on Server
2024-12-10 00:05:59,756 [ERROR] ServerAccessManage:1090 - Problem, file not found on Server
2024-12-10 00:05:59,954 [ERROR] ServerAccessManage:1090 - Problem, file not found on Server
2024-12-10 00:06:00,165 [ERROR] ServerAccessManage:1090 - Problem, file not found on Server
2024-12-10 00:06:00,371 [ERROR] ServerAccessManage:1090 - Problem, file not found on Server
2024-12-10 00:06:00,609 [ERROR] ServerAccessManage:1090 - Problem, file not found on Server
2024-12-10 00:06:00,858 [ERROR] ServerAccessManage:1090 - Problem, file not found on Server
2024-12-10 00:06:01,085 [ERROR] ServerAccessManage:1090 - Problem, file not found on Server
2024-12-10 00:06:01,223 [INFO] ServerAccessManage:474 - Download File STMicroelectronics.X-CUBE-EEPRMA1.pdsc
2024-12-10 00:06:01,501 [ERROR] ServerAccessManage:1090 - Problem, file not found on Server
2024-12-10 00:06:01,962 [ERROR] ServerAccessManage:1090 - Problem, file not found on Server
2024-12-10 00:06:02,244 [INFO] ServerAccessManage:474 - Download File STMicroelectronics.X-CUBE-FREERTOS.pdsc
2024-12-10 00:06:02,421 [WARN] MainUpdater:1184 - Updater busy. Cannot search thirdparties
2024-12-10 00:06:02,422 [INFO] ThirdPartyUpdaterWithRetryManager:96 - Updater plugin is busy. [4/15]
2024-12-10 00:06:02,936 [INFO] ServerAccessManage:474 - Download File STMicroelectronics.X-CUBE-GNSS1.pdsc
2024-12-10 00:06:03,773 [ERROR] ServerAccessManage:1090 - Problem, file not found on Server
2024-12-10 00:06:03,991 [ERROR] ServerAccessManage:1090 - Problem, file not found on Server
2024-12-10 00:06:04,179 [ERROR] ServerAccessManage:1090 - Problem, file not found on Server
2024-12-10 00:06:04,399 [ERROR] ServerAccessManage:1090 - Problem, file not found on Server
2024-12-10 00:06:04,582 [ERROR] ServerAccessManage:1090 - Problem, file not found on Server
2024-12-10 00:06:04,800 [ERROR] ServerAccessManage:1090 - Problem, file not found on Server
2024-12-10 00:06:05,014 [INFO] ServerAccessManage:474 - Download File STMicroelectronics.X-CUBE-ISPU.pdsc
2024-12-10 00:06:05,427 [WARN] MainUpdater:1184 - Updater busy. Cannot search thirdparties
2024-12-10 00:06:05,429 [INFO] ThirdPartyUpdaterWithRetryManager:96 - Updater plugin is busy. [5/15]
2024-12-10 00:06:05,430 [INFO] ServerAccessManage:474 - Download File STMicroelectronics.X-CUBE-IPS.pdsc
2024-12-10 00:06:05,657 [ERROR] LogOutputStream:74 - [STDERR_REDIRECT] SLF4J: Failed to load class "org.slf4j.impl.StaticLoggerBinder".
2024-12-10 00:06:05,658 [ERROR] LogOutputStream:74 - [STDERR_REDIRECT] SLF4J: Defaulting to no-operation (NOP) logger implementation
2024-12-10 00:06:05,658 [ERROR] LogOutputStream:74 - [STDERR_REDIRECT] SLF4J: See http://www.slf4j.org/codes.html#StaticLoggerBinder for further details.
2024-12-10 00:06:05,767 [INFO] ServerAccessManage:474 - Download File STMicroelectronics.X-CUBE-MEMS1.pdsc
2024-12-10 00:06:08,435 [WARN] MainUpdater:1184 - Updater busy. Cannot search thirdparties
2024-12-10 00:06:08,437 [INFO] ThirdPartyUpdaterWithRetryManager:96 - Updater plugin is busy. [6/15]
2024-12-10 00:06:08,519 [INFO] ServerAccessManage:474 - Download File STMicroelectronics.X-CUBE-NFC6.pdsc
2024-12-10 00:06:08,760 [INFO] ServerAccessManage:474 - Download File STMicroelectronics.X-CUBE-NFC7.pdsc
2024-12-10 00:06:09,012 [INFO] ServerAccessManage:474 - Download File STMicroelectronics.X-CUBE-NFC9.pdsc
2024-12-10 00:06:09,319 [INFO] ServerAccessManage:474 - Download File STMicroelectronics.X-CUBE-NFC10.pdsc
2024-12-10 00:06:09,753 [INFO] ServerAccessManage:474 - Download File STMicroelectronics.X-CUBE-SAFEA1.pdsc
2024-12-10 00:06:09,925 [INFO] ServerAccessManage:474 - Download File STMicroelectronics.X-CUBE-SMBUS.pdsc
2024-12-10 00:06:10,260 [ERROR] ServerAccessManage:1090 - Problem, file not found on Server
2024-12-10 00:06:10,315 [INFO] ServerAccessManage:474 - Download File STMicroelectronics.X-CUBE-TCPP.pdsc
2024-12-10 00:06:10,568 [INFO] MainUpdater:2768 - connection check result : 10
2024-12-10 00:06:10,608 [INFO] ServerAccessManage:474 - Download File STMicroelectronics.X-CUBE-TOF1.pdsc
2024-12-10 00:06:11,444 [WARN] MainUpdater:1184 - Updater busy. Cannot search thirdparties
2024-12-10 00:06:11,444 [INFO] ThirdPartyUpdaterWithRetryManager:96 - Updater plugin is busy. [7/15]
2024-12-10 00:06:11,879 [ERROR] ServerAccessManage:1090 - Problem, file not found on Server
2024-12-10 00:06:12,133 [INFO] ServerAccessManage:474 - Download File STMicroelectronics.X-CUBE-TOUCHGFX.pdsc
2024-12-10 00:06:14,265 [INFO] ServerAccessManage:474 - Download File STMicroelectronics.X-CUBE-ALGOBUILD.pdsc
2024-12-10 00:06:14,450 [WARN] MainUpdater:1184 - Updater busy. Cannot search thirdparties
2024-12-10 00:06:14,451 [INFO] ThirdPartyUpdaterWithRetryManager:96 - Updater plugin is busy. [8/15]
2024-12-10 00:06:14,831 [INFO] ServerAccessManage:474 - Download File STMicroelectronics.X-CUBE-AZRTOS-H7.pdsc
2024-12-10 00:06:15,815 [INFO] ServerAccessManage:474 - Download File STMicroelectronics.X-CUBE-AZRTOS-H7RS.pdsc
2024-12-10 00:06:16,358 [INFO] ServerAccessManage:474 - Download File STMicroelectronics.X-CUBE-AZRTOS-L4.pdsc
2024-12-10 00:06:17,065 [INFO] ServerAccessManage:474 - Download File STMicroelectronics.X-CUBE-AZRTOS-L5.pdsc
2024-12-10 00:06:17,458 [WARN] MainUpdater:1184 - Updater busy. Cannot search thirdparties
2024-12-10 00:06:17,462 [INFO] ThirdPartyUpdaterWithRetryManager:96 - Updater plugin is busy. [9/15]
2024-12-10 00:06:17,639 [INFO] ServerAccessManage:474 - Download File STMicroelectronics.X-CUBE-AZRTOS-G4.pdsc
2024-12-10 00:06:18,447 [INFO] ServerAccessManage:474 - Download File STMicroelectronics.X-CUBE-AZRTOS-WB.pdsc
2024-12-10 00:06:19,010 [INFO] ServerAccessManage:474 - Download File STMicroelectronics.X-CUBE-AZRTOS-WL.pdsc
2024-12-10 00:06:19,410 [INFO] ServerAccessManage:474 - Download File STMicroelectronics.X-CUBE-WB05N.pdsc
2024-12-10 00:06:20,416 [INFO] ServerAccessManage:474 - Download File wolfSSL.I-CUBE-wolfMQTT.pdsc
2024-12-10 00:06:20,469 [WARN] MainUpdater:1184 - Updater busy. Cannot search thirdparties
2024-12-10 00:06:20,469 [INFO] ThirdPartyUpdaterWithRetryManager:96 - Updater plugin is busy. [10/15]
2024-12-10 00:06:21,859 [ERROR] ServerAccessManage:1090 - Problem, file not found on Server
2024-12-10 00:06:21,979 [INFO] ServerAccessManage:474 - Download File wolfSSL.I-CUBE-wolfTPM.pdsc
2024-12-10 00:06:23,135 [INFO] ServerAccessManage:474 - Download File wolfSSL.I-CUBE-wolfSSH.pdsc
2024-12-10 00:06:23,475 [WARN] MainUpdater:1184 - Updater busy. Cannot search thirdparties
2024-12-10 00:06:23,475 [INFO] ThirdPartyUpdaterWithRetryManager:96 - Updater plugin is busy. [11/15]
2024-12-10 00:06:25,187 [INFO] ServerAccessManage:474 - Download File RealThread.X-CUBE-RT-Thread_Nano.pdsc
2024-12-10 00:06:26,334 [INFO] ServerAccessManage:474 - Download File SEGGER.I-CUBE-embOS.pdsc
2024-12-10 00:06:26,482 [WARN] MainUpdater:1184 - Updater busy. Cannot search thirdparties
2024-12-10 00:06:26,485 [INFO] ThirdPartyUpdaterWithRetryManager:96 - Updater plugin is busy. [12/15]
2024-12-10 00:06:27,702 [INFO] ServerAccessManage:474 - Download File WES.I-CUBE-Cesium.pdsc
2024-12-10 00:06:28,333 [ERROR] ServerAccessManage:1090 - Problem, file not found on Server
2024-12-10 00:06:28,599 [ERROR] ServerAccessManage:1090 - Problem, file not found on Server
2024-12-10 00:06:29,488 [WARN] MainUpdater:1184 - Updater busy. Cannot search thirdparties
2024-12-10 00:06:29,490 [INFO] ThirdPartyUpdaterWithRetryManager:96 - Updater plugin is busy. [13/15]
2024-12-10 00:06:29,658 [INFO] ServerAccessManage:474 - Download File ITTIA_DB.I-CUBE-ITTIADB.pdsc
2024-12-10 00:06:31,576 [INFO] McuFinderGlobals:57 - Set McuFinderConnectedMode to false
2024-12-10 00:06:31,590 [INFO] MultiScanPanel:195 - Auto-refresh data requested => check proxy status ongoing
2024-12-10 00:06:31,591 [INFO] MultiScanPanel:199 - Proxy status is invalid
2024-12-10 00:06:31,594 [INFO] FinderPluginLoader:92 - Searching for filters in installed packs
2024-12-10 00:06:32,325 [INFO] ApiDb:576 - Connected to CubeFinder SQLite database (/Users/duane/.stmcufinder/plugins/mcufinder/mcu/cube-finder-db.db)
2024-12-10 00:06:32,359 [INFO] ApiDb:663 - CubeFinder database Data Model version=2.1
2024-12-10 00:06:32,360 [INFO] ApiDb:664 - CubeFinder database Configuration version=3.0.35
2024-12-10 00:06:32,360 [INFO] ApiDb:665 - CubeFinder database generation date=2022-12-20 (1671519758)
2024-12-10 00:06:32,361 [INFO] ApiDb:666 - CubeFinder database FW Pack versions=[FP-ATR-ASTRA1_V1.1.1, STM32Cube_FW_C0_V1.0.0, STM32Cube_FW_F4_V1.27.1, STM32Cube_FW_F7_V1.17.0, STM32Cube_FW_G0_V1.6.1, STM32Cube_FW_G4_V1.5.0, STM32Cube_FW_H5_V0.5.1, STM32Cube_FW_H7_V1.11.0, STM32Cube_FW_L5_V1.5.0, STM32Cube_FW_U5_V1.1.1, STM32Cube_FW_WBA_V0.2.0, STM32Cube_FW_WB_V1.15.0, STM32Cube_FW_WB_V1.15.0RC1, STM32Cube_FW_WL_V1.3.0, X-CUBE-ALGOBUILD_V1.3.0, X-CUBE-ALS_V1.0.1, X-CUBE-AZRTOS-F4_V1.1.0, X-CUBE-AZRTOS-F7_V1.1.0, X-CUBE-AZRTOS-G0_V1.1.0, X-CUBE-AZRTOS-G4_V1.0.0, X-CUBE-AZRTOS-H7_V2.1.0, X-CUBE-AZRTOS-L4_V1.0.0, X-CUBE-AZRTOS-L5_V1.0.0, X-CUBE-AZRTOS-WL_V1.0.0, X-CUBE-BLE1_V6.2.4, X-CUBE-BLE2_V3.3.0, X-CUBE-BLEMGR_V1.3.0, X-CUBE-EEPRMA1_V4.1.0, X-CUBE-GNSS1_V6.0.0, X-CUBE-MEMS1_V9.1.0, X-CUBE-MEMS1_V9.3.0, X-CUBE-MEMS1_V9.4.0, X-CUBE-NFC4_V2.0.5, X-CUBE-NFC7_V1.0.0, X-CUBE-SFXS2LP1_V4.0.0, X-CUBE-SUBG2_V5.0.0]
2024-12-10 00:06:32,495 [WARN] MainUpdater:1184 - Updater busy. Cannot search thirdparties
2024-12-10 00:06:32,496 [INFO] ThirdPartyUpdaterWithRetryManager:96 - Updater plugin is busy. [14/15]
2024-12-10 00:06:33,490 [INFO] ApiDb:239 - Found 138 in-development CPN: [B-WB1M-WPAN1, NUCLEO-C031C6, STEVAL-STWINBX1, STM320518-EVAL, STM32C0116-DK, STM32C011D6Y3TR, STM32C011D6Y6TR, STM32C011F4P3, STM32C011F4P6, STM32C011F4U3, STM32C011F4U6TR, STM32C011F6P3, STM32C011F6P6, STM32C011F6U3, STM32C011F6U6TR, STM32C011J4M3, STM32C011J4M6, STM32C011J6M3, STM32C011J6M6, STM32C0316-DK, STM32C031C4T3, STM32C031C4T6, STM32C031C4U3, STM32C031C4U6, STM32C031C6T3, STM32C031C6T6, STM32C031C6U3, STM32C031C6U6, STM32C031F4P3, STM32C031F4P6, STM32C031F6P3, STM32C031F6P6, STM32C031G4U3, STM32C031G4U6, STM32C031G6U3, STM32C031G6U6, STM32C031K4T3, STM32C031K4T6, STM32C031K4U3, STM32C031K4U6, STM32C031K6T3, STM32C031K6T6, STM32C031K6U3, STM32C031K6U6, STM32G071K8TXN, STM32G071K8UXN, STM32G081GBU6N, STM32G081KBT6N, STM32G081KBUXN, STM32G0B1CCT6N, STM32G0B1KCT6, STM32G0B1NEY6TR, STM32G0B1RCT6N, STM32G0C1CCT6, STM32G0C1CCT6N, STM32G0C1CCU6N, STM32G0C1CET6N, STM32G0C1CEU6N, STM32G0C1KCT6, STM32G0C1NEY6TR, STM32G0C1RCI6N, STM32G0C1RCT6N, STM32G0C1REI6N, STM32G0C1RET6N, STM32G0C1VCI6, STM32G0C1VEI6, STM32G471CCT6, STM32G471CCU6, STM32G471CET3, STM32G471CET6, STM32G471CEU3, STM32G471CEU6, STM32G471MCT6, STM32G471MET3, STM32G471MET6, STM32G471MEY6TR, STM32G471QCT6, STM32G471QET3, STM32G471RCT6, STM32G471RET3, STM32G471RET6, STM32G471VCH6, STM32G471VCI6, STM32G471VCT6, STM32G471VEH3, STM32G471VEH6, STM32G471VEI3, STM32G471VEI6, STM32G471VET3, STM32G471VET6, STM32G474CCT6, STM32L476VGY6PTR, STM32L4R5QGI6STR, STM32MP131AAE3, STM32MP131AAF3, STM32MP131AAG3, STM32MP131CAE3, STM32MP131CAF3, STM32MP131CAG3, STM32MP131DAE7, STM32MP131DAF7, STM32MP131DAG7, STM32MP131FAE7, STM32MP131FAF7, STM32MP131FAG7, STM32MP133AAE3, STM32MP133AAF3, STM32MP133AAG3, STM32MP133CAE3, STM32MP133CAF3, STM32MP133CAG3, STM32MP133DAE7, STM32MP133DAF7, STM32MP133DAG7, STM32MP133FAE7, STM32MP133FAF7, STM32MP133FAG7, STM32MP135AAE3, STM32MP135AAF3, STM32MP135AAG3, STM32MP135CAE3, STM32MP135CAF3, STM32MP135CAG3, STM32MP135DAE7, STM32MP135DAF7, STM32MP135DAG7, STM32MP135F-DK, STM32MP135FAE7, STM32MP135FAF7, STM32MP135FAG7, STM32U595ZJT6Q, STM32U599BJY6QTR, STM32U599NIH6Q, STM32U599NJH6Q, STM32U5A5ZJT6Q, STM32U5A9BJY6QTR, STM32U5A9NJH6Q, STM32WB1MMCH6]
2024-12-10 00:06:33,507 [INFO] DbMcus:215 - Found 3580 MCUs, 3580 are supported
2024-12-10 00:06:33,517 [INFO] ApiDb:418 - Load user favorites file /Users/duane/.stm32cubeide/favorites.mcus.txt: 0 item(s)
2024-12-10 00:06:33,518 [INFO] ApiDb:422 - User favorites MCUs=[]
2024-12-10 00:06:33,518 [INFO] DbMcus:221 - Set 0 / 0 favorites MCUs
2024-12-10 00:06:35,184 [INFO] DetailPanel:339 - Set advertising image to /Users/duane/STM32Cube/Repository//en.Prom_NBSTM32U50921.jpg
2024-12-10 00:06:35,503 [WARN] MainUpdater:1184 - Updater busy. Cannot search thirdparties
2024-12-10 00:06:35,516 [INFO] ThirdPartyUpdaterWithRetryManager:96 - Updater plugin is busy. [15/15]
2024-12-10 00:06:35,529 [ERROR] IntegrityCheckThread:128 - Cannot retrieve database content from updater: error -1
2024-12-10 00:06:35,534 [INFO] ThirdParty:929 - Integrity check success = false
2024-12-10 00:06:35,536 [INFO] IntegrityCheckThread:98 - exiting critical section [integrity check]
2024-12-10 00:06:35,537 [INFO] IntegrityCheckThread:101 - End integrity checks thread
2024-12-10 00:06:36,035 [INFO] ApiDb:663 - CubeFinder database Data Model version=2.1
2024-12-10 00:06:36,038 [INFO] ApiDb:664 - CubeFinder database Configuration version=3.0.35
2024-12-10 00:06:36,040 [INFO] ApiDb:665 - CubeFinder database generation date=2022-12-20 (1671519758)
2024-12-10 00:06:36,041 [INFO] ApiDb:666 - CubeFinder database FW Pack versions=[FP-ATR-ASTRA1_V1.1.1, STM32Cube_FW_C0_V1.0.0, STM32Cube_FW_F4_V1.27.1, STM32Cube_FW_F7_V1.17.0, STM32Cube_FW_G0_V1.6.1, STM32Cube_FW_G4_V1.5.0, STM32Cube_FW_H5_V0.5.1, STM32Cube_FW_H7_V1.11.0, STM32Cube_FW_L5_V1.5.0, STM32Cube_FW_U5_V1.1.1, STM32Cube_FW_WBA_V0.2.0, STM32Cube_FW_WB_V1.15.0, STM32Cube_FW_WB_V1.15.0RC1, STM32Cube_FW_WL_V1.3.0, X-CUBE-ALGOBUILD_V1.3.0, X-CUBE-ALS_V1.0.1, X-CUBE-AZRTOS-F4_V1.1.0, X-CUBE-AZRTOS-F7_V1.1.0, X-CUBE-AZRTOS-G0_V1.1.0, X-CUBE-AZRTOS-G4_V1.0.0, X-CUBE-AZRTOS-H7_V2.1.0, X-CUBE-AZRTOS-L4_V1.0.0, X-CUBE-AZRTOS-L5_V1.0.0, X-CUBE-AZRTOS-WL_V1.0.0, X-CUBE-BLE1_V6.2.4, X-CUBE-BLE2_V3.3.0, X-CUBE-BLEMGR_V1.3.0, X-CUBE-EEPRMA1_V4.1.0, X-CUBE-GNSS1_V6.0.0, X-CUBE-MEMS1_V9.1.0, X-CUBE-MEMS1_V9.3.0, X-CUBE-MEMS1_V9.4.0, X-CUBE-NFC4_V2.0.5, X-CUBE-NFC7_V1.0.0, X-CUBE-SFXS2LP1_V4.0.0, X-CUBE-SUBG2_V5.0.0]
2024-12-10 00:06:36,191 [INFO] DbBoardsSqlite:227 - include board P-NUCLEO-WB55-NUCLEO as a kit item of type 'Nucleo-64'
2024-12-10 00:06:36,194 [INFO] DbBoardsSqlite:227 - include board P-NUCLEO-WB55-USBDONGLE as a kit item of type 'Nucleo USB Dongle'
2024-12-10 00:06:36,195 [INFO] DbBoardsSqlite:227 - include board STEVAL-IDP005V1 as a kit item of type 'Evaluation Board'
2024-12-10 00:06:36,196 [INFO] DbBoardsSqlite:227 - include board STEVAL-IDP005V2 as a kit item of type 'Evaluation Board'
2024-12-10 00:06:36,221 [INFO] ApiDb:239 - Found 138 in-development CPN: [B-WB1M-WPAN1, NUCLEO-C031C6, STEVAL-STWINBX1, STM320518-EVAL, STM32C0116-DK, STM32C011D6Y3TR, STM32C011D6Y6TR, STM32C011F4P3, STM32C011F4P6, STM32C011F4U3, STM32C011F4U6TR, STM32C011F6P3, STM32C011F6P6, STM32C011F6U3, STM32C011F6U6TR, STM32C011J4M3, STM32C011J4M6, STM32C011J6M3, STM32C011J6M6, STM32C0316-DK, STM32C031C4T3, STM32C031C4T6, STM32C031C4U3, STM32C031C4U6, STM32C031C6T3, STM32C031C6T6, STM32C031C6U3, STM32C031C6U6, STM32C031F4P3, STM32C031F4P6, STM32C031F6P3, STM32C031F6P6, STM32C031G4U3, STM32C031G4U6, STM32C031G6U3, STM32C031G6U6, STM32C031K4T3, STM32C031K4T6, STM32C031K4U3, STM32C031K4U6, STM32C031K6T3, STM32C031K6T6, STM32C031K6U3, STM32C031K6U6, STM32G071K8TXN, STM32G071K8UXN, STM32G081GBU6N, STM32G081KBT6N, STM32G081KBUXN, STM32G0B1CCT6N, STM32G0B1KCT6, STM32G0B1NEY6TR, STM32G0B1RCT6N, STM32G0C1CCT6, STM32G0C1CCT6N, STM32G0C1CCU6N, STM32G0C1CET6N, STM32G0C1CEU6N, STM32G0C1KCT6, STM32G0C1NEY6TR, STM32G0C1RCI6N, STM32G0C1RCT6N, STM32G0C1REI6N, STM32G0C1RET6N, STM32G0C1VCI6, STM32G0C1VEI6, STM32G471CCT6, STM32G471CCU6, STM32G471CET3, STM32G471CET6, STM32G471CEU3, STM32G471CEU6, STM32G471MCT6, STM32G471MET3, STM32G471MET6, STM32G471MEY6TR, STM32G471QCT6, STM32G471QET3, STM32G471RCT6, STM32G471RET3, STM32G471RET6, STM32G471VCH6, STM32G471VCI6, STM32G471VCT6, STM32G471VEH3, STM32G471VEH6, STM32G471VEI3, STM32G471VEI6, STM32G471VET3, STM32G471VET6, STM32G474CCT6, STM32L476VGY6PTR, STM32L4R5QGI6STR, STM32MP131AAE3, STM32MP131AAF3, STM32MP131AAG3, STM32MP131CAE3, STM32MP131CAF3, STM32MP131CAG3, STM32MP131DAE7, STM32MP131DAF7, STM32MP131DAG7, STM32MP131FAE7, STM32MP131FAF7, STM32MP131FAG7, STM32MP133AAE3, STM32MP133AAF3, STM32MP133AAG3, STM32MP133CAE3, STM32MP133CAF3, STM32MP133CAG3, STM32MP133DAE7, STM32MP133DAF7, STM32MP133DAG7, STM32MP133FAE7, STM32MP133FAF7, STM32MP133FAG7, STM32MP135AAE3, STM32MP135AAF3, STM32MP135AAG3, STM32MP135CAE3, STM32MP135CAF3, STM32MP135CAG3, STM32MP135DAE7, STM32MP135DAF7, STM32MP135DAG7, STM32MP135F-DK, STM32MP135FAE7, STM32MP135FAF7, STM32MP135FAG7, STM32U595ZJT6Q, STM32U599BJY6QTR, STM32U599NIH6Q, STM32U599NJH6Q, STM32U5A5ZJT6Q, STM32U5A9BJY6QTR, STM32U5A9NJH6Q, STM32WB1MMCH6]
2024-12-10 00:06:36,311 [INFO] BoardInfo:879 - No configuration file found for board P-NUCLEO-WB55
2024-12-10 00:06:36,311 [INFO] DbBoards:156 - Kit is not supported: P-NUCLEO-WB55
2024-12-10 00:06:36,315 [INFO] BoardInfo:879 - No configuration file found for board STEVAL-BFA001V1B
2024-12-10 00:06:36,315 [INFO] DbBoards:156 - Kit is not supported: STEVAL-BFA001V1B
2024-12-10 00:06:36,316 [INFO] BoardInfo:879 - No configuration file found for board STEVAL-BFA001V2B
2024-12-10 00:06:36,316 [INFO] DbBoards:156 - Kit is not supported: STEVAL-BFA001V2B
2024-12-10 00:06:36,320 [INFO] BoardInfo:879 - No configuration file found for board STEVAL-PROTEUS1
2024-12-10 00:06:36,320 [INFO] DbBoards:156 - Board is not supported: STEVAL-PROTEUS1
2024-12-10 00:06:36,409 [INFO] DbBoards:160 - Found 178 boards, 174 are supported
2024-12-10 00:06:36,415 [INFO] ApiDb:418 - Load user favorites file /Users/duane/.stm32cubeide/favorites.boards.txt: 2 item(s)
2024-12-10 00:06:36,416 [INFO] ApiDb:422 - User favorites Boards=[STM32072B-EVAL, STM32F746G-DISCO]
2024-12-10 00:06:36,416 [INFO] DbBoards:189 - Set 2 / 2 favorites Boards
2024-12-10 00:06:52,718 [INFO] ServerAccessManage:474 - Download File Infineon.AIROC-Wi-Fi-Bluetooth-STM32.pdsc
2024-12-10 00:06:58,285 [INFO] ServerAccessManage:474 - Download File Cesanta.I-CUBE-Mongoose.pdsc
2024-12-10 00:07:00,212 [INFO] ServerAccessManage:474 - Download File EmbeddedOffice.I-CUBE-FS-RTOS.pdsc
2024-12-10 00:07:01,245 [INFO] ServerAccessManage:474 - Download File quantropi.X-CUBE-qispace-sdk-base.pdsc
2024-12-10 00:07:01,577 [WARN] PackLoader:242 - Cannot read IP mode file for STMicroelectronics.FP-ATR-ASTRA1.2.0.1
2024-12-10 00:07:01,607 [WARN] PopulateThirdPartyThread:104 - Error when creating pack: /Users/duane/.stm32cubemx/thirdparties/pdsc/STMicroelectronics.FP-SNS-STBOX1.pdsc
2024-12-10 00:07:01,618 [WARN] PackLoader:242 - Cannot read IP mode file for STMicroelectronics.FP-SNS-FLIGHT1.5.0.2
2024-12-10 00:07:01,633 [WARN] PackLoader:242 - Cannot read IP mode file for STMicroelectronics.FP-SNS-MOTENV1.5.0.0
2024-12-10 00:07:01,661 [WARN] PackLoader:242 - Cannot read IP mode file for STMicroelectronics.FP-SNS-MOTENVWB1.1.4.0
2024-12-10 00:07:01,690 [WARN] PackLoader:242 - Cannot read IP mode file for STMicroelectronics.FP-SNS-SMARTAG2.1.2.0
2024-12-10 00:07:01,697 [WARN] PackLoader:242 - Cannot read IP mode file for STMicroelectronics.X-CUBE-AI.9.1.0
2024-12-10 00:07:01,706 [WARN] PackLoader:242 - Cannot read IP mode file for STMicroelectronics.X-CUBE-ALS.1.0.2
2024-12-10 00:07:01,725 [WARN] PackLoader:242 - Cannot read IP mode file for STMicroelectronics.X-CUBE-BLE1.7.0.0
2024-12-10 00:07:01,731 [WARN] PopulateThirdPartyThread:104 - Error when creating pack: /Users/duane/.stm32cubemx/thirdparties/pdsc/STMicroelectronics.X-CUBE-BLEMGR.pdsc
2024-12-10 00:07:01,748 [WARN] PackLoader:242 - Cannot read IP mode file for STMicroelectronics.X-CUBE-DISPLAY.3.0.0
2024-12-10 00:07:01,780 [WARN] PopulateThirdPartyThread:104 - Error when creating pack: /Users/duane/.stm32cubemx/thirdparties/pdsc/STMicroelectronics.X-CUBE-DPOWER.pdsc
2024-12-10 00:07:01,783 [INFO] CheckServerUpdateThread:119 - End of CheckServer Thread
2024-12-10 00:07:01,800 [WARN] PackLoader:242 - Cannot read IP mode file for STMicroelectronics.X-CUBE-EEPRMA1.5.1.0
2024-12-10 00:07:01,824 [WARN] PackLoader:242 - Cannot read IP mode file for STMicroelectronics.X-CUBE-FREERTOS.1.2.0
2024-12-10 00:07:01,852 [WARN] PackLoader:242 - Cannot read IP mode file for STMicroelectronics.X-CUBE-GNSS1.7.0.0
2024-12-10 00:07:01,875 [WARN] PackLoader:242 - Cannot read IP mode file for STMicroelectronics.X-CUBE-ISPU.2.1.0
2024-12-10 00:07:01,880 [WARN] PopulateThirdPartyThread:104 - Error when creating pack: /Users/duane/.stm32cubemx/thirdparties/pdsc/STMicroelectronics.X-CUBE-IPS.pdsc
2024-12-10 00:07:02,007 [WARN] PackLoader:242 - Cannot read IP mode file for STMicroelectronics.X-CUBE-MEMS1.11.0.0
2024-12-10 00:07:02,216 [WARN] PackLoader:242 - Cannot read IP mode file for STMicroelectronics.X-CUBE-NFC6.3.1.0
2024-12-10 00:07:02,226 [WARN] PackLoader:242 - Cannot read IP mode file for STMicroelectronics.X-CUBE-NFC7.1.0.1
2024-12-10 00:07:02,248 [WARN] PackLoader:242 - Cannot read IP mode file for STMicroelectronics.X-CUBE-NFC9.1.0.0
2024-12-10 00:07:02,265 [WARN] PackLoader:242 - Cannot read IP mode file for STMicroelectronics.X-CUBE-NFC10.1.0.0
2024-12-10 00:07:02,290 [WARN] PackLoader:242 - Cannot read IP mode file for STMicroelectronics.X-CUBE-SAFEA1.1.2.2
2024-12-10 00:07:02,294 [WARN] PackLoader:242 - Cannot read IP mode file for STMicroelectronics.X-CUBE-SMBUS.2.1.0
2024-12-10 00:07:02,307 [WARN] PackLoader:242 - Cannot read IP mode file for STMicroelectronics.X-CUBE-TCPP.4.1.0
2024-12-10 00:07:02,314 [WARN] PopulateThirdPartyThread:104 - Error when creating pack: /Users/duane/.stm32cubemx/thirdparties/pdsc/STMicroelectronics.X-CUBE-TOF1.pdsc
2024-12-10 00:07:02,316 [WARN] PackLoader:242 - Cannot read IP mode file for STMicroelectronics.X-CUBE-TOUCHGFX.4.24.1
2024-12-10 00:07:02,328 [WARN] PackLoader:242 - Cannot read IP mode file for STMicroelectronics.X-CUBE-ALGOBUILD.1.4.0
2024-12-10 00:07:02,360 [WARN] PackLoader:242 - Cannot read IP mode file for STMicroelectronics.X-CUBE-AZRTOS-H7.3.3.0
2024-12-10 00:07:02,390 [WARN] PackLoader:242 - Cannot read IP mode file for STMicroelectronics.X-CUBE-AZRTOS-H7RS.1.0.0
2024-12-10 00:07:02,420 [WARN] ConditionMgr:437 - getConditionDescription Invalid condition id : LAN8742 Phy interface Condition cause : null
2024-12-10 00:07:02,422 [WARN] PackLoader:242 - Cannot read IP mode file for STMicroelectronics.X-CUBE-AZRTOS-L4.2.0.0
2024-12-10 00:07:02,425 [WARN] ConditionMgr:1038 - genDependencies : Invalid condition id : LAN8742 Phy interface Condition cause : null
2024-12-10 00:07:02,426 [WARN] ConditionMgr:1038 - genDependencies : Invalid condition id : LAN8742 Phy interface Condition cause : null
2024-12-10 00:07:02,428 [WARN] ConditionMgr:1038 - genDependencies : Invalid condition id : LAN8742 Phy interface Condition cause : null
2024-12-10 00:07:02,459 [WARN] PackLoader:242 - Cannot read IP mode file for STMicroelectronics.X-CUBE-AZRTOS-L5.2.0.0
2024-12-10 00:07:02,481 [WARN] PackLoader:242 - Cannot read IP mode file for STMicroelectronics.X-CUBE-AZRTOS-G4.2.0.0
2024-12-10 00:07:02,516 [WARN] ConditionMgr:437 - getConditionDescription Invalid condition id : UX DEVICE CLASS RTOS Condition cause : null
2024-12-10 00:07:02,517 [WARN] ConditionMgr:437 - getConditionDescription Invalid condition id : UX DEVICE CLASS RTOS Condition cause : null
2024-12-10 00:07:02,524 [WARN] PackLoader:242 - Cannot read IP mode file for STMicroelectronics.X-CUBE-AZRTOS-WB.2.0.0
2024-12-10 00:07:02,526 [WARN] ConditionMgr:1038 - genDependencies : Invalid condition id : UX DEVICE CLASS RTOS Condition cause : null
2024-12-10 00:07:02,526 [WARN] ConditionMgr:1038 - genDependencies : Invalid condition id : UX DEVICE CLASS RTOS Condition cause : null
2024-12-10 00:07:02,527 [WARN] ConditionMgr:1038 - genDependencies : Invalid condition id : UX DEVICE CLASS RTOS Condition cause : null
2024-12-10 00:07:02,528 [WARN] ConditionMgr:1038 - genDependencies : Invalid condition id : UX DEVICE CLASS RTOS Condition cause : null
2024-12-10 00:07:02,528 [WARN] ConditionMgr:1038 - genDependencies : Invalid condition id : UX DEVICE CLASS RTOS Condition cause : null
2024-12-10 00:07:02,542 [INFO] LogOutputStream:76 - [STDOUT_REDIRECT] 1 : Invalid condition id : UX_CORESTACK_Condition cause : null
2024-12-10 00:07:02,544 [INFO] LogOutputStream:76 - [STDOUT_REDIRECT] 1 : Invalid condition id : UX_CORESTACK_Condition cause : null
2024-12-10 00:07:02,544 [INFO] LogOutputStream:76 - [STDOUT_REDIRECT] 1 : Invalid condition id : UX_CORESTACK_Condition cause : null
2024-12-10 00:07:02,544 [INFO] LogOutputStream:76 - [STDOUT_REDIRECT] 1 : Invalid condition id : UX_CORESTACK_Condition cause : null
2024-12-10 00:07:02,544 [INFO] LogOutputStream:76 - [STDOUT_REDIRECT] 1 : Invalid condition id : UX_CORESTACK_Condition cause : null
2024-12-10 00:07:02,552 [WARN] PackLoader:242 - Cannot read IP mode file for STMicroelectronics.X-CUBE-AZRTOS-WL.2.0.0
2024-12-10 00:07:02,561 [WARN] PackLoader:242 - Cannot read IP mode file for STMicroelectronics.X-CUBE-WB05N.1.1.0
2024-12-10 00:07:02,569 [WARN] PackLoader:242 - Cannot read IP mode file for wolfSSL.I-CUBE-wolfMQTT.1.19.0
2024-12-10 00:07:02,572 [WARN] PackLoader:242 - Cannot read IP mode file for wolfSSL.I-CUBE-wolfTPM.3.4.0
2024-12-10 00:07:02,574 [WARN] PackLoader:242 - Cannot read IP mode file for wolfSSL.I-CUBE-wolfSSH.1.4.17
2024-12-10 00:07:02,576 [WARN] PopulateThirdPartyThread:104 - Error when creating pack: /Users/duane/.stm32cubemx/thirdparties/pdsc/RealThread.X-CUBE-RT-Thread_Nano.pdsc
2024-12-10 00:07:02,632 [WARN] PackLoader:242 - Cannot read IP mode file for SEGGER.I-CUBE-embOS.1.3.1
2024-12-10 00:07:02,708 [WARN] PackLoader:242 - Cannot read IP mode file for WES.I-CUBE-Cesium.1.3.0
2024-12-10 00:07:02,724 [WARN] PackLoader:242 - Cannot read IP mode file for ITTIA_DB.I-CUBE-ITTIADB.8.9.0
2024-12-10 00:07:02,801 [WARN] PopulateThirdPartyThread:104 - Error when creating pack: /Users/duane/.stm32cubemx/thirdparties/pdsc/Infineon.AIROC-Wi-Fi-Bluetooth-STM32.pdsc
2024-12-10 00:07:02,846 [WARN] PackLoader:242 - Cannot read IP mode file for Cesanta.I-CUBE-Mongoose.7.13.0
2024-12-10 00:07:02,850 [WARN] PopulateThirdPartyThread:104 - Error when creating pack: /Users/duane/.stm32cubemx/thirdparties/pdsc/EmbeddedOffice.I-CUBE-FS-RTOS.pdsc
2024-12-10 00:07:02,851 [WARN] PopulateThirdPartyThread:104 - Error when creating pack: /Users/duane/.stm32cubemx/thirdparties/pdsc/quantropi.X-CUBE-qispace-sdk-base.pdsc
2024-12-10 00:07:02,851 [INFO] PopulateThirdPartyThread:64 - Ending populate Thread
2024-12-10 00:07:02,874 [INFO] ThirdParty:981 - CMSIS Pack Vendor :STMicroelectronics X-CUBE-AZRTOS-H7 3.3.0
2024-12-10 00:07:02,875 [INFO] ThirdParty:981 - CMSIS Pack Vendor :STMicroelectronics X-CUBE-DISPLAY 3.0.0
2024-12-10 00:07:02,875 [INFO] ThirdParty:981 - CMSIS Pack Vendor :STMicroelectronics X-CUBE-NFC9 1.0.0
2024-12-10 00:07:02,875 [INFO] ThirdParty:981 - CMSIS Pack Vendor :STMicroelectronics FP-SNS-MOTENVWB1 1.4.0
2024-12-10 00:07:02,876 [INFO] ThirdParty:981 - CMSIS Pack Vendor :STMicroelectronics X-CUBE-BLE1 7.0.0
2024-12-10 00:07:02,877 [INFO] ThirdParty:981 - CMSIS Pack Vendor :STMicroelectronics FP-ATR-ASTRA1 2.0.1
2024-12-10 00:07:02,878 [INFO] ThirdParty:981 - CMSIS Pack Vendor :STMicroelectronics X-CUBE-NFC10 1.0.0
2024-12-10 00:07:02,879 [INFO] ThirdParty:981 - CMSIS Pack Vendor :STMicroelectronics X-CUBE-SMBUS 2.1.0
2024-12-10 00:07:02,879 [INFO] ThirdParty:981 - CMSIS Pack Vendor :STMicroelectronics X-CUBE-WB05N 1.1.0
2024-12-10 00:07:02,879 [INFO] ThirdParty:981 - CMSIS Pack Vendor :STMicroelectronics X-CUBE-ISPU 2.1.0
2024-12-10 00:07:02,880 [INFO] ThirdParty:981 - CMSIS Pack Vendor :STMicroelectronics X-CUBE-TCPP 4.1.0
2024-12-10 00:07:02,880 [INFO] ThirdParty:981 - CMSIS Pack Vendor :STMicroelectronics X-CUBE-EEPRMA1 5.1.0
2024-12-10 00:07:02,880 [INFO] ThirdParty:981 - CMSIS Pack Vendor :STMicroelectronics X-CUBE-ALS 1.0.2
2024-12-10 00:07:02,880 [INFO] ThirdParty:981 - CMSIS Pack Vendor :STMicroelectronics X-CUBE-FREERTOS 1.2.0
2024-12-10 00:07:02,880 [INFO] ThirdParty:981 - CMSIS Pack Vendor :STMicroelectronics X-CUBE-AZRTOS-WB 2.0.0
2024-12-10 00:07:02,881 [INFO] ThirdParty:981 - CMSIS Pack Vendor :STMicroelectronics X-CUBE-GNSS1 7.0.0
2024-12-10 00:07:02,881 [INFO] ThirdParty:981 - CMSIS Pack Vendor :STMicroelectronics X-CUBE-NFC7 1.0.1
2024-12-10 00:07:02,881 [INFO] ThirdParty:981 - CMSIS Pack Vendor :ITTIA_DB I-CUBE-ITTIADB 8.9.0
2024-12-10 00:07:02,881 [INFO] ThirdParty:981 - CMSIS Pack Vendor :STMicroelectronics X-CUBE-TOUCHGFX 4.24.1
2024-12-10 00:07:02,881 [INFO] ThirdParty:981 - CMSIS Pack Vendor :STMicroelectronics X-CUBE-AZRTOS-L5 2.0.0
2024-12-10 00:07:02,881 [INFO] ThirdParty:981 - CMSIS Pack Vendor :wolfSSL I-CUBE-wolfTPM 3.4.0
2024-12-10 00:07:02,882 [INFO] ThirdParty:981 - CMSIS Pack Vendor :STMicroelectronics X-CUBE-NFC6 3.1.0
2024-12-10 00:07:02,882 [INFO] ThirdParty:981 - CMSIS Pack Vendor :STMicroelectronics FP-SNS-SMARTAG2 1.2.0
2024-12-10 00:07:02,882 [INFO] ThirdParty:981 - CMSIS Pack Vendor :STMicroelectronics X-CUBE-AZRTOS-WL 2.0.0
2024-12-10 00:07:02,882 [INFO] ThirdParty:981 - CMSIS Pack Vendor :SEGGER I-CUBE-embOS 1.3.1
2024-12-10 00:07:02,883 [INFO] ThirdParty:981 - CMSIS Pack Vendor :STMicroelectronics X-CUBE-MEMS1 11.0.0
2024-12-10 00:07:02,883 [INFO] ThirdParty:981 - CMSIS Pack Vendor :STMicroelectronics X-CUBE-ALGOBUILD 1.4.0
2024-12-10 00:07:02,883 [INFO] ThirdParty:981 - CMSIS Pack Vendor :STMicroelectronics FP-SNS-MOTENV1 5.0.0
2024-12-10 00:07:02,883 [INFO] ThirdParty:981 - CMSIS Pack Vendor :STMicroelectronics X-CUBE-SAFEA1 1.2.2
2024-12-10 00:07:02,883 [INFO] ThirdParty:981 - CMSIS Pack Vendor :STMicroelectronics X-CUBE-AZRTOS-H7RS 1.0.0
2024-12-10 00:07:02,883 [INFO] ThirdParty:981 - CMSIS Pack Vendor :wolfSSL I-CUBE-wolfMQTT 1.19.0
2024-12-10 00:07:02,884 [INFO] ThirdParty:981 - CMSIS Pack Vendor :STMicroelectronics X-CUBE-AZRTOS-L4 2.0.0
2024-12-10 00:07:02,884 [INFO] ThirdParty:981 - CMSIS Pack Vendor :WES I-CUBE-Cesium 1.3.0
2024-12-10 00:07:02,884 [INFO] ThirdParty:981 - CMSIS Pack Vendor :STMicroelectronics FP-SNS-FLIGHT1 5.0.2
2024-12-10 00:07:02,884 [INFO] ThirdParty:981 - CMSIS Pack Vendor :Cesanta I-CUBE-Mongoose 7.13.0
2024-12-10 00:07:02,885 [INFO] ThirdParty:981 - CMSIS Pack Vendor :STMicroelectronics X-CUBE-AI 9.1.0
2024-12-10 00:07:02,885 [INFO] ThirdParty:981 - CMSIS Pack Vendor :STMicroelectronics X-CUBE-AZRTOS-G4 2.0.0
2024-12-10 00:07:02,885 [INFO] ThirdParty:981 - CMSIS Pack Vendor :wolfSSL I-CUBE-wolfSSH 1.4.17
2024-12-10 00:07:02,886 [INFO] LoadServerUpdatesThread:367 - End of LoadServerUpdate Thread
2024-12-10 00:17:08,332 [INFO] McuFinderGlobals:57 - Set McuFinderConnectedMode to true
2024-12-10 00:17:08,438 [INFO] ApiDb:443 - Save user favorites file /Users/duane/.stm32cubeide/favorites.mcus.txt: 0 item(s)
2024-12-10 00:17:08,441 [INFO] ApiDb:447 - User favorites MCUs=[]
2024-12-10 00:33:43,289 [INFO] Activator:177 - 


2024-12-10 00:33:43,290 [INFO] Activator:178 - !SESSION log4j initialized
2024-12-10 00:33:46,203 [ERROR] LogOutputStream:74 - [STDERR_REDIRECT] 
